[    0.000000] Initializing cgroup subsys cpuset
[    0.000000] Initializing cgroup subsys cpu
[    0.000000] Initializing cgroup subsys cpuacct
[    0.000000] Linux version 4.4.0-210-generic (buildd@lgw01-amd64-009) (gcc version 5.4.0 20160609 (Ubuntu 5.4.0-6ubuntu1~16.04.12) ) #242-Ubuntu SMP Fri Apr 16 09:57:56 UTC 2021 (Ubuntu 4.4.0-210.242-generic 4.4.262)
[    0.000000] Command line: BOOT_IMAGE=/boot/vmlinuz-4.4.0-210-generic root=LABEL=cloudimg-rootfs ro console=tty1 console=ttyS0
[    0.000000] KERNEL supported cpus:
[    0.000000]   Intel GenuineIntel
[    0.000000]   AMD AuthenticAMD
[    0.000000]   Centaur CentaurHauls
[    0.000000] [Firmware Bug]: TSC doesn't count with P0 frequency!
[    0.000000] x86/fpu: xstate_offset[2]:  576, xstate_sizes[2]:  256
[    0.000000] x86/fpu: Supporting XSAVE feature 0x01: 'x87 floating point registers'
[    0.000000] x86/fpu: Supporting XSAVE feature 0x02: 'SSE registers'
[    0.000000] x86/fpu: Supporting XSAVE feature 0x04: 'AVX registers'
[    0.000000] x86/fpu: Enabled xstate features 0x7, context size is 832 bytes, using 'standard' format.
[    0.000000] e820: BIOS-provided physical RAM map:
[    0.000000] BIOS-e820: [mem 0x0000000000000000-0x000000000009fbff] usable
[    0.000000] BIOS-e820: [mem 0x000000000009fc00-0x000000000009ffff] reserved
[    0.000000] BIOS-e820: [mem 0x00000000000f0000-0x00000000000fffff] reserved
[    0.000000] BIOS-e820: [mem 0x0000000000100000-0x000000003ffeffff] usable
[    0.000000] BIOS-e820: [mem 0x000000003fff0000-0x000000003fffffff] ACPI data
[    0.000000] BIOS-e820: [mem 0x00000000fec00000-0x00000000fec00fff] reserved
[    0.000000] BIOS-e820: [mem 0x00000000fee00000-0x00000000fee00fff] reserved
[    0.000000] BIOS-e820: [mem 0x00000000fffc0000-0x00000000ffffffff] reserved
[    0.000000] NX (Execute Disable) protection: active
[    0.000000] SMBIOS 2.5 present.
[    0.000000] Hypervisor detected: KVM
[    0.000000] Kernel/User page tables isolation: disabled
[    0.000000] e820: last_pfn = 0x3fff0 max_arch_pfn = 0x400000000
[    0.000000] MTRR: Disabled
[    0.000000] x86/PAT: MTRRs disabled, skipping PAT initialization too.
[    0.000000] CPU MTRRs all blank - virtualized system.
[    0.000000] x86/PAT: Configuration [0-7]: WB  WT  UC- UC  WB  WT  UC- UC  
[    0.000000] found SMP MP-table at [mem 0x0009fff0-0x0009ffff] mapped at [ffff88000009fff0]
[    0.000000] Scanning 1 areas for low memory corruption
[    0.000000] RAMDISK: [mem 0x362dc000-0x37165fff]
[    0.000000] ACPI: Early table checksum verification disabled
[    0.000000] ACPI: RSDP 0x00000000000E0000 000024 (v02 VBOX  )
[    0.000000] ACPI: XSDT 0x000000003FFF0030 00003C (v01 VBOX   VBOXXSDT 00000001 ASL  00000061)
[    0.000000] ACPI: FACP 0x000000003FFF00F0 0000F4 (v04 VBOX   VBOXFACP 00000001 ASL  00000061)
[    0.000000] ACPI: DSDT 0x000000003FFF0470 002325 (v02 VBOX   VBOXBIOS 00000002 INTL 20100528)
[    0.000000] ACPI: FACS 0x000000003FFF0200 000040
[    0.000000] ACPI: FACS 0x000000003FFF0200 000040
[    0.000000] ACPI: APIC 0x000000003FFF0240 00005C (v02 VBOX   VBOXAPIC 00000001 ASL  00000061)
[    0.000000] ACPI: SSDT 0x000000003FFF02A0 0001CC (v01 VBOX   VBOXCPUT 00000002 INTL 20100528)
[    0.000000] No NUMA configuration found
[    0.000000] Faking a node at [mem 0x0000000000000000-0x000000003ffeffff]
[    0.000000] NODE_DATA(0) allocated [mem 0x3ffeb000-0x3ffeffff]
[    0.000000] kvm-clock: Using msrs 4b564d01 and 4b564d00
[    0.000000] kvm-clock: cpu 0, msr 0:3ffe3001, primary cpu clock
[    0.000000] kvm-clock: using sched offset of 3009098913 cycles
[    0.000000] clocksource: kvm-clock: mask: 0xffffffffffffffff max_cycles: 0x1cd42e4dffb, max_idle_ns: 881590591483 ns
[    0.000000] Zone ranges:
[    0.000000]   DMA      [mem 0x0000000000001000-0x0000000000ffffff]
[    0.000000]   DMA32    [mem 0x0000000001000000-0x000000003ffeffff]
[    0.000000]   Normal   empty
[    0.000000]   Device   empty
[    0.000000] Movable zone start for each node
[    0.000000] Early memory node ranges
[    0.000000]   node   0: [mem 0x0000000000001000-0x000000000009efff]
[    0.000000]   node   0: [mem 0x0000000000100000-0x000000003ffeffff]
[    0.000000] Initmem setup node 0 [mem 0x0000000000001000-0x000000003ffeffff]
[    0.000000] ACPI: PM-Timer IO Port: 0x4008
[    0.000000] IOAPIC[0]: apic_id 2, version 32, address 0xfec00000, GSI 0-23
[    0.000000] ACPI: INT_SRC_OVR (bus 0 bus_irq 0 global_irq 2 dfl dfl)
[    0.000000] ACPI: INT_SRC_OVR (bus 0 bus_irq 9 global_irq 9 low level)
[    0.000000] Using ACPI (MADT) for SMP configuration information
[    0.000000] smpboot: Allowing 2 CPUs, 0 hotplug CPUs
[    0.000000] PM: Registered nosave memory: [mem 0x00000000-0x00000fff]
[    0.000000] PM: Registered nosave memory: [mem 0x0009f000-0x0009ffff]
[    0.000000] PM: Registered nosave memory: [mem 0x000a0000-0x000effff]
[    0.000000] PM: Registered nosave memory: [mem 0x000f0000-0x000fffff]
[    0.000000] e820: [mem 0x40000000-0xfebfffff] available for PCI devices
[    0.000000] Booting paravirtualized kernel on KVM
[    0.000000] clocksource: refined-jiffies: mask: 0xffffffff max_cycles: 0xffffffff, max_idle_ns: 7645519600211568 ns
[    0.000000] setup_percpu: NR_CPUS:512 nr_cpumask_bits:512 nr_cpu_ids:2 nr_node_ids:1
[    0.000000] PERCPU: Embedded 33 pages/cpu @ffff88003fc00000 s95192 r8192 d31784 u1048576
[    0.000000] Built 1 zonelists in Node order, mobility grouping on.  Total pages: 257912
[    0.000000] Policy zone: DMA32
[    0.000000] Kernel command line: BOOT_IMAGE=/boot/vmlinuz-4.4.0-210-generic root=LABEL=cloudimg-rootfs ro console=tty1 console=ttyS0
[    0.000000] PID hash table entries: 4096 (order: 3, 32768 bytes)
[    0.000000] Memory: 997792K/1048120K available (8644K kernel code, 1332K rwdata, 4044K rodata, 1492K init, 1164K bss, 50328K reserved, 0K cma-reserved)
[    0.000000] SLUB: HWalign=64, Order=0-3, MinObjects=0, CPUs=2, Nodes=1
[    0.000000] Hierarchical RCU implementation.
[    0.000000] 	Build-time adjustment of leaf fanout to 64.
[    0.000000] 	RCU restricting CPUs from NR_CPUS=512 to nr_cpu_ids=2.
[    0.000000] RCU: Adjusting geometry for rcu_fanout_leaf=64, nr_cpu_ids=2
[    0.000000] NR_IRQS:33024 nr_irqs:440 16
[    0.000000] Console: colour VGA+ 80x25
[    0.000000] console [tty1] enabled
[    0.000000] console [ttyS0] enabled
[    0.000000] tsc: Detected 3293.796 MHz processor
[    0.077536] Calibrating delay loop (skipped) preset value.. 6587.59 BogoMIPS (lpj=13175184)
[    0.078448] pid_max: default: 32768 minimum: 301
[    0.078959] ACPI: Core revision 20150930
[    0.079876] ACPI: 2 ACPI AML tables successfully acquired and loaded
[    0.080583] Security Framework initialized
[    0.081029] Yama: becoming mindful.
[    0.081436] AppArmor: AppArmor initialized
[    0.081914] Dentry cache hash table entries: 131072 (order: 8, 1048576 bytes)
[    0.082654] Inode-cache hash table entries: 65536 (order: 7, 524288 bytes)
[    0.084310] Mount-cache hash table entries: 2048 (order: 2, 16384 bytes)
[    0.084969] Mountpoint-cache hash table entries: 2048 (order: 2, 16384 bytes)
[    0.085732] Initializing cgroup subsys io
[    0.086174] Initializing cgroup subsys memory
[    0.086639] Initializing cgroup subsys devices
[    0.087128] Initializing cgroup subsys freezer
[    0.087596] Initializing cgroup subsys net_cls
[    0.088064] Initializing cgroup subsys perf_event
[    0.088552] Initializing cgroup subsys net_prio
[    0.089040] Initializing cgroup subsys hugetlb
[    0.089506] Initializing cgroup subsys pids
[    0.090153] mce: CPU supports 0 MCE banks
[    0.090607] Last level iTLB entries: 4KB 512, 2MB 512, 4MB 256
[    0.091175] Last level dTLB entries: 4KB 2048, 2MB 2048, 4MB 1024, 1GB 0
[    0.091810] Spectre V1 : Mitigation: usercopy/swapgs barriers and __user pointer sanitization
[    0.092689] Spectre V2 : Spectre mitigation: LFENCE not serializing, switching to generic retpoline
[    0.093599] Spectre V2 : Mitigation: Full generic retpoline
[    0.094146] Spectre V2 : Spectre v2 / SpectreRSB mitigation: Filling RSB on context switch
[    0.096806] Freeing SMP alternatives memory: 36K
[    0.101538] ftrace: allocating 32380 entries in 127 pages
[    0.139499] smpboot: APIC(0) Converting physical 0 to logical package 0
[    0.140190] smpboot: Max logical packages: 1
[    0.140819] x2apic enabled
[    0.141295] Switched APIC routing to physical x2apic.
[    0.142576] ..TIMER: vector=0x30 apic1=0 pin1=2 apic2=-1 pin2=-1
[    0.251210] APIC calibration not consistent with PM-Timer: 105ms instead of 100ms
[    0.252115] APIC delta adjusted to PM-Timer: 6334757 (6683072)
[    0.252756] smpboot: CPU0: AMD Ryzen 9 5900HS with Radeon Graphics (family: 0x19, model: 0x50, stepping: 0x0)
[    0.253930] Performance Events: Broken PMU hardware detected, using software events only.
[    0.254852] Failed to access perfctr msr (MSR c0010007 is 0)
[    0.260138] KVM setup paravirtual spinlock
[    0.261212] x86: Booting SMP configuration:
[    0.261684] .... node  #0, CPUs:      #1
[    0.262254] kvm-clock: cpu 1, msr 0:3ffe3041, secondary cpu clock
[    0.262994] mce: CPU supports 0 MCE banks
[    0.265364] x86: Booted up 1 node, 2 CPUs
[    0.265975] smpboot: Total of 2 processors activated (13175.18 BogoMIPS)
[    0.266962] devtmpfs: initialized
[    0.268358] evm: security.selinux
[    0.268767] evm: security.SMACK64
[    0.269181] evm: security.SMACK64EXEC
[    0.269615] evm: security.SMACK64TRANSMUTE
[    0.270075] evm: security.SMACK64MMAP
[    0.270509] evm: security.ima
[    0.270881] evm: security.capability
[    0.272246] clocksource: jiffies: mask: 0xffffffff max_cycles: 0xffffffff, max_idle_ns: 7645041785100000 ns
[    0.273510] futex hash table entries: 512 (order: 3, 32768 bytes)
[    0.274235] pinctrl core: initialized pinctrl subsystem
[    0.274881] RTC time: 16:15:42, date: 08/11/22
[    0.275496] NET: Registered protocol family 16
[    0.289095] cpuidle: using governor ladder
[    0.305941] cpuidle: using governor menu
[    0.306546] PCCT header not found.
[    0.307356] ACPI: bus type PCI registered
[    0.307857] acpiphp: ACPI Hot Plug PCI Controller Driver version: 0.5
[    0.308583] PCI: Using configuration type 1 for base access
[    0.309157] PCI: Using configuration type 1 for extended access
[    0.322150] ACPI: Added _OSI(Module Device)
[    0.322752] ACPI: Added _OSI(Processor Device)
[    0.323231] ACPI: Added _OSI(3.0 _SCP Extensions)
[    0.323745] ACPI: Added _OSI(Processor Aggregator Device)
[    0.324608] ACPI: Executed 1 blocks of module-level executable AML code
[    0.326313] ACPI: Interpreter enabled
[    0.326778] ACPI: (supports S0 S5)
[    0.327189] ACPI: Using IOAPIC for interrupt routing
[    0.327956] PCI: Using host bridge windows from ACPI; if necessary, use "pci=nocrs" and report a bug
[    0.330666] ACPI: PCI Root Bridge [PCI0] (domain 0000 [bus 00-ff])
[    0.331295] acpi PNP0A03:00: _OSC: OS supports [ExtendedConfig ASPM ClockPM Segments MSI]
[    0.332451] acpi PNP0A03:00: _OSC: platform does not support [PCIeCapability]
[    0.333273] acpi PNP0A03:00: _OSC: not requesting control; platform does not support [PCIeCapability]
[    0.334233] acpi PNP0A03:00: _OSC: OS requested [PCIeHotplug PME AER PCIeCapability]
[    0.335128] acpi PNP0A03:00: _OSC: platform willing to grant [PCIeHotplug PME AER]
[    0.335979] acpi PNP0A03:00: _OSC failed (AE_SUPPORT); disabling ASPM
[    0.336813] PCI host bridge to bus 0000:00
[    0.342457] pci_bus 0000:00: root bus resource [io  0x0000-0x0cf7 window]
[    0.343125] pci_bus 0000:00: root bus resource [io  0x0d00-0xffff window]
[    0.343786] pci_bus 0000:00: root bus resource [mem 0x000a0000-0x000bffff window]
[    0.344608] pci_bus 0000:00: root bus resource [mem 0x40000000-0xfdffffff window]
[    0.345432] pci_bus 0000:00: root bus resource [bus 00-ff]
[    0.347045] pci 0000:00:01.1: legacy IDE quirk: reg 0x10: [io  0x01f0-0x01f7]
[    0.347731] pci 0000:00:01.1: legacy IDE quirk: reg 0x14: [io  0x03f6]
[    0.348367] pci 0000:00:01.1: legacy IDE quirk: reg 0x18: [io  0x0170-0x0177]
[    0.349064] pci 0000:00:01.1: legacy IDE quirk: reg 0x1c: [io  0x0376]
[    0.355345] pci 0000:00:07.0: quirk: [io  0x4000-0x403f] claimed by PIIX4 ACPI
[    0.356227] pci 0000:00:07.0: quirk: [io  0x4100-0x410f] claimed by PIIX4 SMB
[    0.358996] ACPI: PCI Interrupt Link [LNKA] (IRQs 5 9 10 *11)
[    0.359946] ACPI: PCI Interrupt Link [LNKB] (IRQs 5 9 *10 11)
[    0.360818] ACPI: PCI Interrupt Link [LNKC] (IRQs 5 *9 10 11)
[    0.361704] ACPI: PCI Interrupt Link [LNKD] (IRQs 5 9 10 *11)
[    0.362584] ACPI: Enabled 2 GPEs in block 00 to 07
[    0.363361] vgaarb: setting as boot device: PCI:0000:00:02.0
[    0.363941] vgaarb: device added: PCI:0000:00:02.0,decodes=io+mem,owns=io+mem,locks=none
[    0.364812] vgaarb: loaded
[    0.365162] vgaarb: bridge control possible 0000:00:02.0
[    0.365857] SCSI subsystem initialized
[    0.366395] ACPI: bus type USB registered
[    0.367003] usbcore: registered new interface driver usbfs
[    0.367688] usbcore: registered new interface driver hub
[    0.368240] usbcore: registered new device driver usb
[    0.368934] PCI: Using ACPI for IRQ routing
[    0.369587] NetLabel: Initializing
[    0.369998] NetLabel:  domain hash size = 128
[    0.370489] NetLabel:  protocols = UNLABELED CIPSOv4
[    0.371029] NetLabel:  unlabeled traffic allowed by default
[    0.371698] amd_nb: Cannot enumerate AMD northbridges
[    0.372256] clocksource: Switched to clocksource kvm-clock
[    0.377208] AppArmor: AppArmor Filesystem Enabled
[    0.377929] pnp: PnP ACPI init
[    0.378867] pnp: PnP ACPI: found 3 devices
[    0.386214] clocksource: acpi_pm: mask: 0xffffff max_cycles: 0xffffff, max_idle_ns: 2085701024 ns
[    0.387248] NET: Registered protocol family 2
[    0.387884] TCP established hash table entries: 8192 (order: 4, 65536 bytes)
[    0.388575] TCP bind hash table entries: 8192 (order: 5, 131072 bytes)
[    0.389218] TCP: Hash tables configured (established 8192 bind 8192)
[    0.389849] UDP hash table entries: 512 (order: 2, 16384 bytes)
[    0.390439] UDP-Lite hash table entries: 512 (order: 2, 16384 bytes)
[    0.391085] NET: Registered protocol family 1
[    0.391565] pci 0000:00:00.0: Limiting direct PCI/PCI transfers
[    0.392294] pci 0000:00:01.0: Activating ISA DMA hang workarounds
[    0.393764] Unpacking initramfs...
[    0.523939] Freeing initrd memory: 14888K
[    0.524612] clocksource: tsc: mask: 0xffffffffffffffff max_cycles: 0x2f7a67c8fbd, max_idle_ns: 440795361557 ns
[    0.525652] platform rtc_cmos: registered platform RTC device (no PNP device found)
[    0.526484] Scanning for low memory corruption every 60 seconds
[    0.527319] audit: initializing netlink subsys (disabled)
[    0.527939] audit: type=2000 audit(1660234546.551:1): initialized
[    0.528774] Initialise system trusted keyring
[    0.529389] HugeTLB registered 2 MB page size, pre-allocated 0 pages
[    0.530618] zbud: loaded
[    0.531203] VFS: Disk quotas dquot_6.6.0
[    0.531804] VFS: Dquot-cache hash table entries: 512 (order 0, 4096 bytes)
[    0.532626] squashfs: version 4.0 (2009/01/31) Phillip Lougher
[    0.533344] fuse init (API version 7.23)
[    0.533911] Key type big_key registered
[    0.534359] Allocating IMA MOK and blacklist keyrings.
[    0.536564] Key type asymmetric registered
[    0.537046] Asymmetric key parser 'x509' registered
[    0.537582] Block layer SCSI generic (bsg) driver version 0.4 loaded (major 249)
[    0.538439] io scheduler noop registered
[    0.538925] io scheduler deadline registered (default)
[    0.539500] io scheduler cfq registered
[    0.539995] pci_hotplug: PCI Hot Plug PCI Core version: 0.5
[    0.540566] pciehp: PCI Express Hot Plug Controller Driver version: 0.4
[    0.541272] ACPI: AC Adapter [AC] (on-line)
[    0.541763] input: Power Button as /devices/LNXSYSTM:00/LNXPWRBN:00/input/input0
[    0.542569] ACPI: Power Button [PWRF]
[    0.543014] input: Sleep Button as /devices/LNXSYSTM:00/LNXSLPBN:00/input/input1
[    0.543825] ACPI: Sleep Button [SLPF]
[    0.544403] GHES: HEST is not enabled!
[    0.544777] ACPI: Battery Slot [BAT0] (battery present)
[    0.545710] Serial: 8250/16550 driver, 32 ports, IRQ sharing enabled
[    0.566902] 00:02: ttyS0 at I/O 0x3f8 (irq = 4, base_baud = 115200) is a 16550A
[    0.569394] Linux agpgart interface v0.103
[    0.570989] loop: module loaded
[    0.571691] scsi host0: ata_piix
[    0.572167] scsi host1: ata_piix
[    0.572590] ata1: PATA max UDMA/33 cmd 0x1f0 ctl 0x3f6 bmdma 0xd000 irq 14
[    0.573245] ata2: PATA max UDMA/33 cmd 0x170 ctl 0x376 bmdma 0xd008 irq 15
[    0.573934] libphy: Fixed MDIO Bus: probed
[    0.574389] tun: Universal TUN/TAP device driver, 1.6
[    0.574905] tun: (C) 1999-2004 Max Krasnyansky <maxk@qualcomm.com>
[    0.575541] PPP generic driver version 2.4.2
[    0.576070] ehci_hcd: USB 2.0 'Enhanced' Host Controller (EHCI) Driver
[    0.576744] ehci-pci: EHCI PCI platform driver
[    0.577238] ehci-platform: EHCI generic platform driver
[    0.577775] ohci_hcd: USB 1.1 'Open' Host Controller (OHCI) Driver
[    0.578375] ohci-pci: OHCI PCI platform driver
[    0.578869] ohci-platform: OHCI generic platform driver
[    0.579400] uhci_hcd: USB Universal Host Controller Interface driver
[    0.580044] i8042: PNP: PS/2 Controller [PNP0303:PS2K,PNP0f03:PS2M] at 0x60,0x64 irq 1,12
[    0.581235] serio: i8042 KBD port at 0x60,0x64 irq 1
[    0.581857] serio: i8042 AUX port at 0x60,0x64 irq 12
[    0.582625] mousedev: PS/2 mouse device common for all mice
[    0.583586] input: AT Translated Set 2 keyboard as /devices/platform/i8042/serio0/input/input2
[    0.584876] rtc_cmos rtc_cmos: rtc core: registered rtc_cmos as rtc0
[    0.585536] rtc_cmos rtc_cmos: alarms up to one day, 114 bytes nvram
[    0.586153] i2c /dev entries driver
[    0.586585] device-mapper: uevent: version 1.0.3
[    0.587130] device-mapper: ioctl: 4.34.0-ioctl (2015-10-28) initialised: dm-devel@redhat.com
[    0.588042] ledtrig-cpu: registered to indicate activity on CPUs
[    0.588916] NET: Registered protocol family 10
[    0.589553] NET: Registered protocol family 17
[    0.590165] Key type dns_resolver registered
[    0.591000] registered taskstats version 1
[    0.591462] Loading compiled-in X.509 certificates
[    0.592273] Loaded X.509 cert 'Build time autogenerated kernel key: cf00e047681d67edb2720680708b7d9498083038'
[    0.593296] zswap: loaded using pool lzo/zbud
[    0.594785] Key type trusted registered
[    0.596801] Key type encrypted registered
[    0.597269] AppArmor: AppArmor sha1 policy hashing enabled
[    0.597837] ima: No TPM chip found, activating TPM-bypass!
[    0.598411] ima: Allocated hash algorithm: sha1
[    0.598903] evm: HMAC attrs: 0x1
[    0.599794]   Magic number: 2:256:287
[    0.600254] tty tty20: hash matches
[    0.600680] acpi PNP0400:00: hash matches
[    0.601165] rtc_cmos rtc_cmos: setting system clock to 2022-08-11 16:15:42 UTC (1660234542)
[    0.602152] BIOS EDD facility v0.16 2004-Jun-25, 0 devices found
[    0.602909] EDD information not available.
[    0.751728] Freeing unused kernel memory: 1492K
[    0.752374] Write protecting the kernel read-only data: 14336k
[    0.753400] Freeing unused kernel memory: 1584K
[    0.753944] Freeing unused kernel memory: 52K
Loading, please wait...
starting version 229
[    0.761366] random: systemd-udevd: uninitialized urandom read (16 bytes read, 2 bits of entropy available)
[    0.761698] random: udevadm: uninitialized urandom read (16 bytes read, 2 bits of entropy available)
[    0.761707] random: udevadm: uninitialized urandom read (16 bytes read, 2 bits of entropy available)
[    0.764314] random: systemd-udevd: uninitialized urandom read (16 bytes read, 2 bits of entropy available)
[    0.765341] random: systemd-udevd: uninitialized urandom read (16 bytes read, 2 bits of entropy available)
[    0.766330] random: systemd-udevd: uninitialized urandom read (16 bytes read, 2 bits of entropy available)
[    0.766657] random: udevadm: uninitialized urandom read (16 bytes read, 2 bits of entropy available)
[    0.766686] random: udevadm: uninitialized urandom read (16 bytes read, 2 bits of entropy available)
[    0.766771] random: udevadm: uninitialized urandom read (16 bytes read, 2 bits of entropy available)
[    0.766800] random: udevadm: uninitialized urandom read (16 bytes read, 2 bits of entropy available)
[    0.787381] e1000: Intel(R) PRO/1000 Network Driver - version 7.3.21-k8-NAPI
[    0.788118] e1000: Copyright (c) 1999-2006 Intel Corporation.
[    0.792451] Fusion MPT base driver 3.04.20
[    0.792933] Copyright (c) 1999-2008 LSI Corporation
[    0.795467] Fusion MPT SPI Host driver 3.04.20
[    0.806358] AVX2 version of gcm_enc/dec engaged.
[    0.807106] AES CTR mode by8 optimization enabled
[    0.997453] input: ImExPS/2 Generic Explorer Mouse as /devices/platform/i8042/serio1/input/input4
[    1.115045] e1000 0000:00:03.0 eth0: (PCI:33MHz:32-bit) 02:be:82:6b:cc:1d
[    1.115762] e1000 0000:00:03.0 eth0: Intel(R) PRO/1000 Network Connection
[    1.116792] mptbase: ioc0: Initiating bringup
[    1.117014] e1000 0000:00:03.0 enp0s3: renamed from eth0
[    1.181199] ioc0: LSI53C1030 A0: Capabilities={Initiator}
[    1.341492] scsi host2: ioc0: LSI53C1030 A0, FwRev=00000000h, Ports=1, MaxQ=256, IRQ=20
[    1.460844] scsi 2:0:0:0: Direct-Access     VBOX     HARDDISK         1.0  PQ: 0 ANSI: 5
[    1.461938] scsi target2:0:0: Beginning Domain Validation
[    1.463236] scsi target2:0:0: Domain Validation skipping write tests
[    1.463893] scsi target2:0:0: Ending Domain Validation
[    1.464555] scsi target2:0:0: asynchronous
[    1.465556] scsi 2:0:1:0: Direct-Access     VBOX     HARDDISK         1.0  PQ: 0 ANSI: 5
[    1.466464] scsi target2:0:1: Beginning Domain Validation
[    1.467649] scsi target2:0:1: Domain Validation skipping write tests
[    1.468306] scsi target2:0:1: Ending Domain Validation
[    1.468903] scsi target2:0:1: asynchronous
[    1.472705] sd 2:0:0:0: [sda] 83886080 512-byte logical blocks: (42.9 GB/40.0 GiB)
[    1.473592] sd 2:0:0:0: Attached scsi generic sg0 type 0
[    1.474199] sd 2:0:0:0: [sda] Write Protect is off
[    1.474307] sd 2:0:1:0: [sdb] 20480 512-byte logical blocks: (10.5 MB/10.0 MiB)
[    1.474372] sd 2:0:1:0: [sdb] Write Protect is off
[    1.474415] sd 2:0:1:0: Attached scsi generic sg1 type 0
[    1.474417] sd 2:0:1:0: [sdb] Incomplete mode parameter data
[    1.474418] sd 2:0:1:0: [sdb] Assuming drive cache: write through
[    1.475997] sd 2:0:1:0: [sdb] Attached SCSI disk
[    1.478547] sd 2:0:0:0: [sda] Incomplete mode parameter data
[    1.479135] sd 2:0:0:0: [sda] Assuming drive cache: write through
[    1.480581]  sda: sda1
[    1.481522] sd 2:0:0:0: [sda] Attached SCSI disk
Begin: Loading essential drivers ... [    2.675807] md: linear personality registered for level -1
[    2.677813] md: multipath personality registered for level -4
[    2.679758] md: raid0 personality registered for level 0
[    2.682035] md: raid1 personality registered for level 1
[    2.753970] raid6: sse2x1   gen()  8893 MB/s
[    2.820411] raid6: sse2x1   xor() 13809 MB/s
[    2.888814] raid6: sse2x2   gen() 16349 MB/s
[    2.957212] raid6: sse2x2   xor() 18191 MB/s
[    3.024636] raid6: sse2x4   gen() 21748 MB/s
[    3.093035] raid6: sse2x4   xor() 12510 MB/s
[    3.160460] raid6: avx2x1   gen() 18971 MB/s
[    3.228857] raid6: avx2x2   gen() 36298 MB/s
[    3.296304] raid6: avx2x4   gen() 37250 MB/s
[    3.296832] raid6: using algorithm avx2x4 gen() 37250 MB/s
[    3.297383] raid6: using avx2x2 recovery algorithm
[    3.298500] xor: automatically using best checksumming function:
[    3.338303]    avx       : 28600.000 MB/sec
[    3.339417] async_tx: api initialized (async)
[    3.344771] md: raid6 personality registered for level 6
[    3.345352] md: raid5 personality registered for level 5
[    3.345903] md: raid4 personality registered for level 4
[    3.350022] md: raid10 personality registered for level 10
done.
Begin: Running /scripts/init-premount ... done.
Begin: Mounting root file system ... Begin: Running /scripts/local-top ... done.
Begin: Running /scripts/local-premount ... [    3.365487] Btrfs loaded
Scanning for Btrfs filesystems
done.
Warning: fsck not present, so skipping root file system
[    3.384038] EXT4-fs (sda1): mounted filesystem with ordered data mode. Opts: (null)
done.
Begin: Running /scripts/local-bottom ... done.
Begin: Running /scripts/init-bottom ... done.
[    3.443113] systemd[1]: systemd 229 running in system mode. (+PAM +AUDIT +SELINUX +IMA +APPARMOR +SMACK +SYSVINIT +UTMP +LIBCRYPTSETUP +GCRYPT +GNUTLS +ACL +XZ -LZ4 +SECCOMP +BLKID +ELFUTILS +KMOD -IDN)
[    3.444915] systemd[1]: Detected virtualization oracle.
[    3.445458] systemd[1]: Detected architecture x86-64.

Welcome to [1mUbuntu 16.04.7 LTS[0m!

[    3.448130] systemd[1]: Set hostname to <ubuntu>.
[    3.449939] systemd[1]: Initializing machine ID from random generator.
[    3.450616] systemd[1]: Installed transient /etc/machine-id file.
[    3.526526] systemd[1]: Listening on Device-mapper event daemon FIFOs.
[[0;32m  OK  [0m] Listening on Device-mapper event daemon FIFOs.
[    3.527959] systemd[1]: Listening on Journal Audit Socket.
[[0;32m  OK  [0m] Listening on Journal Audit Socket.
[    3.529070] systemd[1]: Listening on udev Kernel Socket.
[[0;32m  OK  [0m] Listening on udev Kernel Socket.
[    3.530119] systemd[1]: Reached target Swap.
[[0;32m  OK  [0m] Reached target Swap.
[    3.531066] systemd[1]: Listening on Syslog Socket.
[[0;32m  OK  [0m] Listening on Syslog Socket.
[    3.532239] systemd[1]: Created slice System Slice.
[[0;32m  OK  [0m] Created slice System Slice.
[    3.533282] systemd[1]: Listening on Journal Socket.
[[0;32m  OK  [0m] Listening on Journal Socket.
[    3.544704] systemd[1]: Starting Create list of required static device nodes for the current kernel...
         Starting Create list of required st... nodes for the current kernel...
[    3.547142] systemd[1]: Mounting Debug File System...
         Mounting Debug File System...
[    3.548472] systemd[1]: Starting Nameserver information manager...
         Starting Nameserver information manager...
[    3.549906] systemd[1]: Listening on fsck to fsckd communication Socket.
[[0;32m  OK  [0m] Listening on fsck to fsckd communication Socket.
[    3.551167] systemd[1]: Reached target User and Group Name Lookups.
[[0;32m  OK  [0m] Reached target User and Group Name Lookups.
[    3.552313] systemd[1]: Listening on LVM2 metadata daemon socket.
[[0;32m  OK  [0m] Listening on LVM2 metadata daemon socket.
[    3.553778] systemd[1]: Listening on Journal Socket (/dev/log).
[[0;32m  OK  [0m] Listening on Journal Socket (/dev/log).
[    3.555201] systemd[1]: Starting Journal Service...
         Starting Journal Service...
[    3.556145] systemd[1]: Started Forward Password Requests to Wall Directory Watch.
[[0;32m  OK  [0m] Started Forward Password Requests to Wall Directory Watch.
[    3.557982] systemd[1]: Listening on /dev/initctl Compatibility Named Pipe.
[[0;32m  OK  [0m] Listening on /dev/initctl Compatibility Named Pipe.
[    3.559615] systemd[1]: Mounting POSIX Message Queue File System...
         Mounting POSIX Message Queue File System...
[    3.560705] systemd[1]: Reached target System Time Synchronized.
[[0;32m  OK  [0m] Reached target System Time Synchronized.
[    3.562083] systemd[1]: Created slice system-serial\x2dgetty.slice.
[[0;32m  OK  [0m] Created slice system-serial\x2dgetty.slice.
[    3.564527] systemd[1]: Listening on LVM2 poll daemon socket.
[[0;32m  OK  [0m] Listening on LVM2 poll daemon socket.
[    3.565799] systemd[1]: Listening on udev Control Socket.
[[0;32m  OK  [0m] Listening on udev Control Socket.
[    3.567033] systemd[1]: Set up automount Arbitrary Executable File Formats File System Automount Point.
[[0;32m  OK  [0m] Set up automount Arbitrary Executab...ats File System Automount Point.
[    3.580926] systemd[1]: Starting Uncomplicated firewall...
         Starting Uncomplicated firewall...
[    3.582247] systemd[1]: Started Trigger resolvconf update for networkd DNS.
[[0;32m  OK  [0m] Started Trigger resolvconf update for networkd DNS.
[    3.584008] systemd[1]: Mounting Huge Pages File System...
         Mounting Huge Pages File System...
[    3.585278] systemd[1]: Starting Monitoring of LVM2 mirrors, snapshots etc. using dmeventd or progress polling...
         Starting Monitoring of LVM2 mirrors... dmeventd or progress polling...
[    3.588166] systemd[1]: Starting Load Kernel Modules...
         Starting Load Kernel Modules...
[    3.590435] systemd[1]: Created slice User and Session Slice.
[[0;32m  OK  [0m] Created slice User and Session Slice.
[    3.591470] systemd[1]: Reached target Slices.
[[0;32m  OK  [0m] Reached target Slices.
[    3.596644] Loading iSCSI transport class v2.0-870.
[    3.600242] iscsi: registered transport (tcp)
[    3.605330] systemd[1]: Starting Set console keymap...
         Starting Set console keymap...
[    3.606923] systemd[1]: Starting File System Check on Root Device...
         Starting File System Check on Root Device...
[    3.608621] systemd[1]: Reached target Encrypted Volumes.
[[0;32m  OK  [0m] Reached target Encrypted Volumes.
[    3.610650] systemd[1]: Mounted Huge Pages File System.
[[0;32m  OK  [0m] Mounted Huge Pages File System.
[    3.612584] systemd[1]: Mounted POSIX Message Queue File System.
[[0;32m  OK  [0m] Mounted POSIX Message Queue File System.
[    3.613742] systemd[1]: Mounted Debug File System.
[[0;32m  OK  [0m] Mounted Debug File System.
[    3.614805] systemd[1]: Started Journal Service.
[[0;32m  OK  [0m] Started Journal Service.
[[0;32m  OK  [0m] Started Create list of required sta...ce nodes for the current kernel.
[[0;32m  OK  [0m] Started Uncomplicated firewall.
[[0;32m  OK  [0m] Started Nameserver information manager.
[[0;32m  OK  [0m] Started File System Check Daemon to report status.
[[0;32m  OK  [0m] Started LVM2 metadata daemon.
         Starting Create Static Device Nodes in /dev...
[[0;32m  OK  [0m] Started File System Check on Root Device.
         Starting Remount Root and Kernel File Systems...
[    3.632911] EXT4-fs (sda1): re-mounted. Opts: (null)
[[0;32m  OK  [0m] Started Remount Root and Kernel File Systems.
         Starting udev Coldplug all Devices...
         Starting Flush Journal to Persistent Storage...
         Starting Load/Save Random Seed...
[[0;32m  OK  [0m] Started Load/Save Random Seed.
[    3.643939] systemd-journald[388]: Received request to flush runtime journal from PID 1
[[0;32m  OK  [0m] Started Create Static Device Nodes in /dev.
[[0;32m  OK  [0m] Started Set console keymap.
         Starting udev Kernel Device Manager...
[[0;32m  OK  [0m] Started Flush Journal to Persistent Storage.
[    3.657510] iscsi: registered transport (iser)
[[0;32m  OK  [0m] Started Load Kernel Modules.
[[0;32m  OK  [0m] Started udev Kernel Device Manager.
         Starting Apply Kernel Variables...
         Mounting FUSE Control File System...
[[0;32m  OK  [0m] Mounted FUSE Control File System.
[[0;32m  OK  [0m] Started Apply Kernel Variables.
[[0;32m  OK  [0m] Started udev Coldplug all Devices.
[[0;32m  OK  [0m] Started Dispatch Password Requests to Console Directory Watch.
[[0;32m  OK  [0m] Found device /dev/ttyS0.
[[0;32m  OK  [0m] Listening on Load/Save RF Kill Switch Status /dev/rfkill Watch.
[[0;32m  OK  [0m] Started Monitoring of LVM2 mirrors,...ng dmeventd or progress polling.
[[0;32m  OK  [0m] Reached target Local File Systems (Pre).
[[0;32m  OK  [0m] Reached target Local File Systems.
         Starting Set console font and keymap...
         Starting LSB: AppArmor initialization...
         Starting Commit a transient machine-id on disk...
         Starting Create Volatile Files and Directories...
         Starting Initial cloud-init job (pre-networking)...
         Starting Tell Plymouth To Write Out Runtime Data...
[[0;32m  OK  [0m] Started Create Volatile Files and Directories.
[[0;32m  OK  [0m] Started Tell Plymouth To Write Out Runtime Data.
         Starting Update UTMP about System Boot/Shutdown...
[[0;32m  OK  [0m] Started Commit a transient machine-id on disk.
[[0;32m  OK  [0m] Started Update UTMP about System Boot/Shutdown.
[[0;32m  OK  [0m] Started Set console font and keymap.
[[0;32m  OK  [0m] Created slice system-getty.slice.
[[0;32m  OK  [0m] Started LSB: AppArmor initialization.
         Starting Load AppArmor profiles managed internally by snapd...
[[0;32m  OK  [0m] Started Load AppArmor profiles managed internally by snapd.
[    4.507959] cloud-init[637]: Cloud-init v. 21.1-19-gbad84ad4-0ubuntu1~16.04.2 running 'init-local' at Thu, 11 Aug 2022 16:15:46 +0000. Up 4.28 seconds.
[[0;32m  OK  [0m] Started Initial cloud-init job (pre-networking).
[[0;32m  OK  [0m] Reached target Network (Pre).
         Starting Raise network interfaces...
[[0;32m  OK  [0m] Started Raise network interfaces.
         Starting Initial cloud-init job (metadata service crawler)...
[[0;32m  OK  [0m] Reached target Network.
[    5.012853] cloud-init[958]: Cloud-init v. 21.1-19-gbad84ad4-0ubuntu1~16.04.2 running 'init' at Thu, 11 Aug 2022 16:15:46 +0000. Up 4.79 seconds.
[    5.013721] cloud-init[958]: ci-info: ++++++++++++++++++++++++++++++++++++++Net device info++++++++++++++++++++++++++++++++++++++
[    5.014422] cloud-init[958]: ci-info: +--------+------+----------------------------+---------------+--------+-------------------+
[    5.015210] cloud-init[958]: ci-info: | Device |  Up  |          Address           |      Mask     | Scope  |     Hw-Address    |
[    5.016031] cloud-init[958]: ci-info: +--------+------+----------------------------+---------------+--------+-------------------+
[    5.017025] cloud-init[958]: ci-info: | enp0s3 | True |         10.0.2.15          | 255.255.255.0 | global | 02:be:82:6b:cc:1d |
[    5.017838] cloud-init[958]: ci-info: | enp0s3 | True | fe80::be:82ff:fe6b:cc1d/64 |       .       |  link  | 02:be:82:6b:cc:1d |
[    5.018622] cloud-init[958]: ci-info: |   lo   | True |         127.0.0.1          |   255.0.0.0   |  host  |         .         |
[    5.019446] cloud-init[958]: ci-info: |   lo   | True |          ::1/128           |       .       |  host  |         .         |
[    5.024322] cloud-init[958]: ci-info: +--------+------+----------------------------+---------------+--------+-------------------+
[    5.033128] cloud-init[958]: ci-info: +++++++++++++++++++++++++++Route IPv4 info++++++++++++++++++++++++++++
[    5.040956] cloud-init[958]: ci-info: +-------+-------------+----------+---------------+-----------+-------+
[    5.048392] [cloud-init[0;32m  OK  [0m[958]: ] ci-info: | Route | Destination | Gateway  |    Genmask    | Interface | Flags |
Started Initial cloud-init job (metadata service crawler).
[    5.049503] [[0;32m  OK  [0m] Reached target Cloud-config availability.
[[0;32m  OK  [0m] Reached target Network is Online.
cloud-init[958]: ci-info: +-------+-------------+----------+---------------+-----------+-------+
[    5.050695] cloud-init[958]: ci-info: |   0   |   0.0.0.0   | 10.0.2.2 |    0.0.0.0    |   enp0s3  |   UG  |
[    5.051437] cloud-init[958]: ci-info: |   1   |   10.0.2.0  | 0.0.0.0  | 255.255.255.0 |   enp0s3  |   U   |
[    5.052123] cloud-init[958]: ci-info: +-------+-------------+----------+---------------+-----------+-------+
[    5.052830] cloud-init[958]: ci-info: +++++++++++++++++++Route IPv6 info+++++++++++++++++++
[    5.053479] cloud-init[958]: ci-info: +-------+-------------+---------+-----------+-------+
[    5.054138] cloud-init[958]: ci-info: | Route | Destination | Gateway | Interface | Flags |
[    5.054978] cloud-init[958]: ci-info: +-------+-------------+---------+-----------+-------+
[    5.055756] cloud-init[958]: ci-info: |   0   |  fe80::/64  |    ::   |   enp0s3  |   U   |
[    5.056367] cloud-init[958]: ci-info: |   3   |   ff00::/8  |    ::   |   enp0s3  |   U   |
[    5.056984] cloud-init[958]: ci-info: +-------+-------------+---------+-----------+-------+
[    5.057627] cloud-init[958]: Generating public/private rsa key pair.
[    5.058169] cloud-init[958]: Your identification has been saved in /etc/ssh/ssh_host_rsa_key.
[    5.058828] cloud-init[958]: Your public key has been saved in /etc/ssh/ssh_host_rsa_key.pub.
[    5.059499] cloud-init[958]: The key fingerprint is:
[    5.059975] cloud-init[958]: SHA256:OVoOCLUC0poN6reqy8NW8nFP4ZG6lLasz+fz0UYIxik root@ubuntu-xenial
[    5.060700] cloud-init[958]: The key's randomart image is:
[    5.061243] cloud-init[958]: +---[RSA 2048]----+
[    5.061728] cloud-init[958]: |o.  .            |
[    5.062218] cloud-init[958]: |o... .. .        |
[    5.062794] cloud-init[958]: |.=o .E =.        |
[    5.063438] cloud-init[958]: |+ .o .o+...      |
[    5.063917] cloud-init[958]: |.   . = S. .     |         Starting iSCSI initiator daemon (iscsid)...
[[0;32m  OK  [0m] Reached target System Initialization.
[[0;32m  OK  [0m] Started Ubuntu Advantage update messaging.

[    5.065519] [[0;32m  OK  [0m] Started ACPI Events Check.
[[0;32m  OK  [0m] Reached target Paths.
[[0;32m  OK  [0m] Started Daily apt download activities.
         Starting LXD - unix socket.
         Starting Socket activation for snappy daemon.
[[0;32m  OK  [0m] Started Daily apt upgrade and clean activities.
[[0;32m  OK  [0m] Started Message of the Day.
[[0;32m  OK  [0m] Listening on UUID daemon activation socket.
[[0;32m  OK  [0m] Listening on ACPID Listen Socket.
[[0;32m  OK  [0m] Listening on D-Bus System Message Bus Socket.
[[0;32m  OK  [0m] Started Daily Cleanup of Temporary Directories.
[[0;32m  OK  [0m] Reached target Timers.
[[0;32m  OK  [0m] Listening on LXD - unix socket.
[[0;32m  OK  [0m] Listening on Socket activation for snappy daemon.
[[0;32m  OK  [0m] Reached target Sockets.
[[0;32m  OK  [0m] Reached target Basic System.
         Starting System Logging Service...cloud-init[958]: | o + * B .o      |
[    5.072895] cloud-init[958]: |. = B * .. o     |
[    5.073259] cloud-init[958]: |.+ o.+ +  o      |
[    5.073585] cloud-init[958]: |=+o.ooo.o.       |
[    5.073978] cloud-init[958]: +----[SHA256]-----+
[    5.074321] cloud-init[958]: Generating public/private dsa key pair.
[    5.074713] cloud-init[958]: Your identification has been saved in /etc/ssh/ssh_host_dsa_key.
[    5.075297] 
         Starting /etc/rc.local Compatibility...
         Starting Virtualbox guest utils...
[[0;32m  OK  [0m] Started Deferred execution scheduler.
[[0;32m  OK  [0m] Started ACPI event daemon.
         Starting Accounts Service...
cloud-init[958]: Your public key has been saved in /etc/ssh/ssh_host_dsa_key.pub.[[0;32m  OK  [0m] Started Regular background program processing daemon.
[[0;32m  OK  [0m] Started FUSE filesystem for LXC.
[[0;32m  OK  [0m] Started D-Bus System Message Bus.

[    5.085156] cloud-init[958]: The key fingerprint is:
[    5.087951] cloud-init[958]: SHA256:ch3p6I0mhd5hSvfYMAWhaOpkquIuu3G7WD+OCNDz91g root@ubuntu-xenial
[    5.088860] cloud-init[958]: The key's randomart image is:
[    5.089476] cloud-init[958]: +---[DSA 1024]----+
[    5.090084] cloud-init[958]: |        o.       |
[    5.090613] cloud-init[958]: |     . . . .     |
[    5.091221] cloud-init[958]: |    o .   +      |
[    5.092074] cloud-init[958]: | . o   . = .     |
[    5.092743] cloud-init[958]: |. *   + S o      |
[    5.093421] cloud-init[958]: |.= o o X X       |
[    5.094113] cloud-init[958]: |+ + . = E +      |
[    5.094720] cloud-init[958]: |=* +.. *         |
[    5.095366] cloud-init[958]: |@=+oo.. .        |
[    5.095872] cloud-init[958]: +----[SHA256]-----+
[    5.096492] cloud-init[958]: Generating public/private ecdsa key pair.
         Starting LSB: Record successful boot for GRUB...
[    5.098116] cloud-init[958]: Your identification has been saved in /etc/ssh/ssh_host_ecdsa_key.
         Starting Snap Daemon...
         Starting LXD - container startup/shutdown...
         Starting Pollinate to seed the pseudo random number generator...
         Starting LSB: MD monitoring daemon...
         Starting Login Service...
[[0;32m  OK  [0m] Started System Logging Service.
[[0;32m  OK  [0m] Started /etc/rc.local Compatibility.
[[0;32m  OK  [0m] Started iSCSI initiator daemon (iscsid).
         Starting Login to default iSCSI targets...
[    5.109877] cloud-init[958]: [[0;32m  OK  [0m] Started Login Service.
[[0;32m  OK  [0m] Started Unattended Upgrades Shutdown.
         Starting Authenticate and Authorize Users to Run Privileged Tasks...
[[0;32m  OK  [0m] Started Login to default iSCSI targets.
[[0;32m  OK  [0m] Reached target Remote File Systems (Pre).
[[0;32m  OK  [0m] Reached target Remote File Systems.
         Starting Permit User Sessions...
         Starting LSB: daemon to balance interrupts for SMP systems...
         Starting LSB: automatic crash report generation...
         Starting LSB: Set the CPU Frequency Scaling governor to "ondemand"...
[[0;32m  OK  [0m] Started LSB: Record successful boot for GRUB.
[[0;32m  OK  [0m] Started Permit User Sessions.
         Starting Terminate Plymouth Boot Screen...
         Starting Hold until boot process finishes up...
[[0;32m  OK  [0m] Started LSB: MD monitoring daemon.
Your public key has been saved in /etc/ssh/ssh_host_ecdsa_key.pub.
[[0;32m  OK  [0m] Started Terminate Plymouth Boot Screen.
[[0;32m  OK  [0m] Started Hold until boot process finishes up.
[    5.166647] cloud-init[958]: The key fingerprint is:
[    5.172480] cloud-init[958]: SHA256:rO/3o1h36ylxSjaeTcykykywHl+QiGX00swjYbrua24 root@ubuntu-xenial
[    5.173164] cloud-init[958]: The key's randomart image is:
[    5.174672] cloud-init[958]: +---[ECDSA 256]---+
         Starting Set console scheme...
[    5.177364] cloud-init[958]: |       .+        |
[[0;32m  OK  [0m] Started Serial Getty on ttyS0.
[[0;32m  OK  [0m] Started Getty on tty1.
[[0;32m  OK  [0m] Reached target Login Prompts.
[[0;32m  OK  [0m] Started LSB: daemon to balance interrupts for SMP systems.
[[0;32m  OK  [0m] Started LSB: automatic crash report generation.
[[0;32m  OK  [0m] Started LSB: Set the CPU Frequency Scaling governor to "ondemand".
[[0;32m  OK  [0m] Started Set console scheme.
[[0;32m  OK  [0m] Started Authenticate and Authorize Users to Run Privileged Tasks.
[[0;32m  OK  [0m] Started Accounts Service.
[    5.185493] cloud-init[958]: |       oo*       |
[    5.197521] cloud-init[958]: |      .+o.*.     |
[    5.198056] cloud-init[958]: |      .oooo.  .  |
[    5.204432] cloud-init[958]: |      . So . =   |
[    5.205073] cloud-init[958]: |     . .o . B =  |
[    5.212312] cloud-init[958]: |      o. *.*.O.  |
[    5.212918] cloud-init[958]: |     .E..o*.*..o |
[    5.213479] cloud-init[958]: |     ++o+..o.++  |
[    5.214187] cloud-init[958]: +----[SHA256]-----+
[    5.214686] cloud-init[958]: Generating public/private ed25519 key pair.
[    5.215325] cloud-init[958]: Your identification has been saved in /etc/ssh/ssh_host_ed25519_key.
[    5.216353] cloud-init[958]: Your public key has been saved in /etc/ssh/ssh_host_ed25519_key.pub.
[    5.218048] cloud-init[958]: The key fingerprint is:
[    5.218619] cloud-init[958]: SHA256:p0eoCQPBRxX73Y0dGmGhDQ3kVB9NSIWPz3a6uq8bjh8 root@ubuntu-xenial
[    5.219565] cloud-init[958]: The key's randomart image is:
[    5.221798] cloud-init[958]: +--[ED25519 256]--+
[[0;32m  OK  [0m] Started Virtualbox guest utils.
[    5.227988] cloud-init[958]: | .....o. .=+=oo*o|
[    5.228531] cloud-init[958]: |  ...  . o =.oo..|[[0;32m  OK  [0m] Started LXD - container startup/shutdown.

[    5.230627] cloud-init[958]: |  ..  .   o o oo |
[    5.231847] cloud-init[958]: |   .   . o . *...|
[    5.232315] cloud-init[958]: |    o   S + + oo |
[    5.232909] cloud-init[958]: |     o o +      =|
[    5.233414] cloud-init[958]: |      o . . E  o.|
[    5.236264] cloud-init[958]: |         . o o.  |
[    5.242905] cloud-init[958]: |          ..B*o. |
[    5.243279] cloud-init[958]: +----[SHA256]-----+
[[0;32m  OK  [0m] Started Snap Daemon.
         Starting Wait until snapd is fully seeded...
[[0;32m  OK  [0m] Started Pollinate to seed the pseudo random number generator.
         Starting OpenBSD Secure Shell server...
[[0;32m  OK  [0m] Started OpenBSD Secure Shell server.
[[0;32m  OK  [0m] Started Wait until snapd is fully seeded.
[[0;32m  OK  [0m] Reached target Multi-User System.
[[0;32m  OK  [0m] Reached target Graphical Interface.
         Starting Update UTMP about System Runlevel Changes...
         Starting Apply the settings specified in cloud-config...
[[0;32m  OK  [0m] Started Update UTMP about System Runlevel Changes.
[    6.096714] cloud-init[1300]: Generating locales (this might take a while)...
[    6.482565] cloud-init[1300]:   en_US.UTF-8... done
[    6.488363] cloud-init[1300]: Generation complete.
[    6.645747] cloud-init[1300]: Cloud-init v. 21.1-19-gbad84ad4-0ubuntu1~16.04.2 running 'modules:config' at Thu, 11 Aug 2022 16:15:48 +0000. Up 6.04 seconds.
[[0;32m  OK  [0m] Started Apply the settings specified in cloud-config.
         Starting Execute cloud user/final scripts...
ci-info: no authorized SSH keys fingerprints found for user ubuntu.
<14>Aug 11 16:15:48 ec2: 
<14>Aug 11 16:15:48 ec2: #############################################################
<14>Aug 11 16:15:48 ec2: -----BEGIN SSH HOST KEY FINGERPRINTS-----
<14>Aug 11 16:15:48 ec2: 1024 SHA256:ch3p6I0mhd5hSvfYMAWhaOpkquIuu3G7WD+OCNDz91g root@ubuntu-xenial (DSA)
<14>Aug 11 16:15:48 ec2: 256 SHA256:rO/3o1h36ylxSjaeTcykykywHl+QiGX00swjYbrua24 root@ubuntu-xenial (ECDSA)
<14>Aug 11 16:15:48 ec2: 256 SHA256:p0eoCQPBRxX73Y0dGmGhDQ3kVB9NSIWPz3a6uq8bjh8 root@ubuntu-xenial (ED25519)
<14>Aug 11 16:15:48 ec2: 2048 SHA256:OVoOCLUC0poN6reqy8NW8nFP4ZG6lLasz+fz0UYIxik root@ubuntu-xenial (RSA)
<14>Aug 11 16:15:48 ec2: -----END SSH HOST KEY FINGERPRINTS-----
<14>Aug 11 16:15:48 ec2: #############################################################
-----BEGIN SSH HOST KEY KEYS-----
ecdsa-sha2-nistp256 AAAAE2VjZHNhLXNoYTItbmlzdHAyNTYAAAAIbmlzdHAyNTYAAABBBP1Usd0jUxH8na95wxIH6qMLzt/Qi/KRVdNhRaOr5WVYt7ftdUjKCMx532Oke9EIYK6Y6cv1pV8Blicx2h4jdvg= root@ubuntu-xenial
ssh-ed25519 AAAAC3NzaC1lZDI1NTE5AAAAIO/etXM5bW+gR1kzqN5t0o2mKRL4x7v7CAycGetLxZ3c root@ubuntu-xenial
ssh-rsa AAAAB3NzaC1yc2EAAAADAQABAAABAQDDTUWMHMw+CGfG2VDzMT63VErGEWmWlaGEjnq9lvjJ83oKRYHumvdHwGHgH78hxF/haX9YhFx7Z25sBvYq13Tr22ggPaeQH5r6r9/iWTELHLlmm3Q8Ne0Y2Q52Nd49u6RpYPYCZ8XxuwaCMhNyjWewszJxsf9IV7oOFnsM+D/co/2YvOZvz8TAl9BX5ZKaz4DEdpIQX6iUAiAb6yTVA/OlHDHzo49gWKY0yviVqmSxcE+0/xR6dOUpF4gVATcxJMx10zX8lWOyIMCeMLZ+BSalQBSkI/mvlNkEQuuBoY5di67HzWBykcF2d5JiuvRXz4yxVOEunEk6WBI6iDXw3g5J root@ubuntu-xenial
-----END SSH HOST KEY KEYS-----
[    6.911134] cloud-init[1341]: Cloud-init v. 21.1-19-gbad84ad4-0ubuntu1~16.04.2 running 'modules:final' at Thu, 11 Aug 2022 16:15:48 +0000. Up 6.83 seconds.
[    6.912110] cloud-init[1341]: ci-info: no authorized SSH keys fingerprints found for user ubuntu.
[    6.912855] cloud-init[1341]: Cloud-init v. 21.1-19-gbad84ad4-0ubuntu1~16.04.2 finished at Thu, 11 Aug 2022 16:15:48 +0000. Datasource DataSourceNoCloud [seed=/dev/sdb][dsmode=net].  Up 6.90 seconds
[[0;32m  OK  [0m] Started Execute cloud user/final scripts.
[[0;32m  OK  [0m] Reached target Cloud-init target.

Ubuntu 16.04.7 LTS ubuntu-xenial ttyS0

ubuntu-xenial login: 